This file contains any messages produced by compilers while
running configure, to aid debugging if configure makes a mistake.

It was created by mod_maxminddb configure 1.0.1, which was
generated by GNU Autoconf 2.69.  Invocation command line was

  $ ./configure --host=x86_64-linux-gnu --build=x86_64-linux-gnu --prefix=/usr --mandir=${prefix}/share/man --infodir=${prefix}/share/info

## --------- ##
## Platform. ##
## --------- ##

hostname = msail
uname -m = x86_64
uname -r = 4.6.0-1-amd64
uname -s = Linux
uname -v = #1 SMP Debian 4.6.1-1 (2016-06-06)

/usr/bin/uname -p = unknown
/bin/uname -X     = unknown

/bin/arch              = unknown
/usr/bin/arch -k       = unknown
/usr/convex/getsysinfo = unknown
/usr/bin/hostinfo      = unknown
/bin/machine           = unknown
/usr/bin/oslevel       = unknown
/bin/universe          = unknown

PATH: /usr/local/bin
PATH: /usr/bin
PATH: /bin
PATH: /usr/local/games
PATH: /usr/games
PATH: /home/mmoll/.rvm/bin


## ----------- ##
## Core tests. ##
## ----------- ##

configure:2134: checking for a BSD-compatible install
configure:2202: result: /usr/bin/install -c
configure:2213: checking whether build environment is sane
configure:2268: result: yes
configure:2419: checking for a thread-safe mkdir -p
configure:2458: result: /bin/mkdir -p
configure:2465: checking for gawk
configure:2481: found /usr/bin/gawk
configure:2492: result: gawk
configure:2503: checking whether make sets $(MAKE)
configure:2525: result: yes
configure:2554: checking whether make supports nested variables
configure:2571: result: yes
configure:2709: checking for style of include used by make
configure:2737: result: GNU
configure:2768: checking for x86_64-linux-gnu-gcc
configure:2784: found /usr/bin/x86_64-linux-gnu-gcc
configure:2795: result: x86_64-linux-gnu-gcc
configure:3064: checking for C compiler version
configure:3073: x86_64-linux-gnu-gcc --version >&5
x86_64-linux-gnu-gcc (Debian 5.4.0-4) 5.4.0 20160609
Copyright (C) 2015 Free Software Foundation, Inc.
This is free software; see the source for copying conditions.  There is NO
warranty; not even for MERCHANTABILITY or FITNESS FOR A PARTICULAR PURPOSE.

configure:3084: $? = 0
configure:3073: x86_64-linux-gnu-gcc -v >&5
Using built-in specs.
COLLECT_GCC=x86_64-linux-gnu-gcc
COLLECT_LTO_WRAPPER=/usr/lib/gcc/x86_64-linux-gnu/5/lto-wrapper
Target: x86_64-linux-gnu
Configured with: ../src/configure -v --with-pkgversion='Debian 5.4.0-4' --with-bugurl=file:///usr/share/doc/gcc-5/README.Bugs --enable-languages=c,ada,c++,java,go,d,fortran,objc,obj-c++ --prefix=/usr --program-suffix=-5 --enable-shared --enable-linker-build-id --libexecdir=/usr/lib --without-included-gettext --enable-threads=posix --libdir=/usr/lib --enable-nls --with-sysroot=/ --enable-clocale=gnu --enable-libstdcxx-debug --enable-libstdcxx-time=yes --with-default-libstdcxx-abi=new --enable-gnu-unique-object --disable-vtable-verify --enable-libmpx --enable-plugin --with-system-zlib --disable-browser-plugin --enable-java-awt=gtk --enable-gtk-cairo --with-java-home=/usr/lib/jvm/java-1.5.0-gcj-5-amd64/jre --enable-java-home --with-jvm-root-dir=/usr/lib/jvm/java-1.5.0-gcj-5-amd64 --with-jvm-jar-dir=/usr/lib/jvm-exports/java-1.5.0-gcj-5-amd64 --with-arch-directory=amd64 --with-ecj-jar=/usr/share/java/eclipse-ecj.jar --enable-objc-gc --enable-multiarch --with-arch-32=i686 --with-abi=m64 --with-multilib-list=m32,m64,mx32 --enable-multilib --with-tune=generic --enable-checking=release --build=x86_64-linux-gnu --host=x86_64-linux-gnu --target=x86_64-linux-gnu
Thread model: posix
gcc version 5.4.0 20160609 (Debian 5.4.0-4) 
configure:3084: $? = 0
configure:3073: x86_64-linux-gnu-gcc -V >&5
x86_64-linux-gnu-gcc: error: unrecognized command line option '-V'
x86_64-linux-gnu-gcc: fatal error: no input files
compilation terminated.
configure:3084: $? = 1
configure:3073: x86_64-linux-gnu-gcc -qversion >&5
x86_64-linux-gnu-gcc: error: unrecognized command line option '-qversion'
x86_64-linux-gnu-gcc: fatal error: no input files
compilation terminated.
configure:3084: $? = 1
configure:3104: checking whether the C compiler works
configure:3126: x86_64-linux-gnu-gcc -Wall -g -O2 -Wl,-z,defs   conftest.c  >&5
configure:3130: $? = 0
configure:3178: result: yes
configure:3181: checking for C compiler default output file name
configure:3183: result: a.out
configure:3189: checking for suffix of executables
configure:3196: x86_64-linux-gnu-gcc -o conftest -Wall -g -O2 -Wl,-z,defs   conftest.c  >&5
configure:3200: $? = 0
configure:3222: result: 
configure:3244: checking whether we are cross compiling
configure:3252: x86_64-linux-gnu-gcc -o conftest -Wall -g -O2 -Wl,-z,defs   conftest.c  >&5
configure:3256: $? = 0
configure:3263: ./conftest
configure:3267: $? = 0
configure:3282: result: no
configure:3287: checking for suffix of object files
configure:3309: x86_64-linux-gnu-gcc -c -Wall -g -O2 -Wl,-z,defs  conftest.c >&5
configure:3313: $? = 0
configure:3334: result: o
configure:3338: checking whether we are using the GNU C compiler
configure:3357: x86_64-linux-gnu-gcc -c -Wall -g -O2 -Wl,-z,defs  conftest.c >&5
configure:3357: $? = 0
configure:3366: result: yes
configure:3375: checking whether x86_64-linux-gnu-gcc accepts -g
configure:3395: x86_64-linux-gnu-gcc -c -g  conftest.c >&5
configure:3395: $? = 0
configure:3436: result: yes
configure:3453: checking for x86_64-linux-gnu-gcc option to accept ISO C89
configure:3516: x86_64-linux-gnu-gcc  -c -Wall -g -O2 -Wl,-z,defs  conftest.c >&5
configure:3516: $? = 0
configure:3529: result: none needed
configure:3554: checking whether x86_64-linux-gnu-gcc understands -c and -o together
configure:3576: x86_64-linux-gnu-gcc -c conftest.c -o conftest2.o
configure:3579: $? = 0
configure:3576: x86_64-linux-gnu-gcc -c conftest.c -o conftest2.o
configure:3579: $? = 0
configure:3591: result: yes
configure:3610: checking dependency style of x86_64-linux-gnu-gcc
configure:3721: result: none
configure:3736: checking for x86_64-linux-gnu-gcc option to accept ISO C99
configure:3885: x86_64-linux-gnu-gcc  -c -Wall -g -O2 -Wl,-z,defs  conftest.c >&5
conftest.c: In function 'test_varargs':
conftest.c:82:9: warning: variable 'fnumber' set but not used [-Wunused-but-set-variable]
   float fnumber;
         ^
conftest.c:81:7: warning: variable 'number' set but not used [-Wunused-but-set-variable]
   int number;
       ^
conftest.c:80:15: warning: variable 'str' set but not used [-Wunused-but-set-variable]
   const char *str;
               ^
configure:3885: $? = 0
configure:3898: result: none needed
configure:3923: checking whether compiler accepts "-std=c99 -fms-extensions"
configure:3932: result: yes
configure:3948: checking for apxs2
configure:3967: found /usr/bin/apxs2
configure:3979: result: /usr/bin/apxs2
configure:4002: checking how to run the C preprocessor
configure:4033: x86_64-linux-gnu-gcc -E  conftest.c
configure:4033: $? = 0
configure:4047: x86_64-linux-gnu-gcc -E  conftest.c
conftest.c:11:28: fatal error: ac_nonexistent.h: No such file or directory
compilation terminated.
configure:4047: $? = 1
configure: failed program was:
| /* confdefs.h */
| #define PACKAGE_NAME "mod_maxminddb"
| #define PACKAGE_TARNAME "mod_maxminddb"
| #define PACKAGE_VERSION "1.0.1"
| #define PACKAGE_STRING "mod_maxminddb 1.0.1"
| #define PACKAGE_BUGREPORT "support@maxmind.com"
| #define PACKAGE_URL ""
| #define PACKAGE "mod_maxminddb"
| #define VERSION "1.0.1"
| /* end confdefs.h.  */
| #include <ac_nonexistent.h>
configure:4072: result: x86_64-linux-gnu-gcc -E
configure:4092: x86_64-linux-gnu-gcc -E  conftest.c
configure:4092: $? = 0
configure:4106: x86_64-linux-gnu-gcc -E  conftest.c
conftest.c:11:28: fatal error: ac_nonexistent.h: No such file or directory
compilation terminated.
configure:4106: $? = 1
configure: failed program was:
| /* confdefs.h */
| #define PACKAGE_NAME "mod_maxminddb"
| #define PACKAGE_TARNAME "mod_maxminddb"
| #define PACKAGE_VERSION "1.0.1"
| #define PACKAGE_STRING "mod_maxminddb 1.0.1"
| #define PACKAGE_BUGREPORT "support@maxmind.com"
| #define PACKAGE_URL ""
| #define PACKAGE "mod_maxminddb"
| #define VERSION "1.0.1"
| /* end confdefs.h.  */
| #include <ac_nonexistent.h>
configure:4135: checking for grep that handles long lines and -e
configure:4193: result: /bin/grep
configure:4198: checking for egrep
configure:4260: result: /bin/grep -E
configure:4265: checking for ANSI C header files
configure:4285: x86_64-linux-gnu-gcc -c -Wall -g -O2 -Wl,-z,defs -std=c99 -fms-extensions  conftest.c >&5
configure:4285: $? = 0
configure:4358: x86_64-linux-gnu-gcc -o conftest -Wall -g -O2 -Wl,-z,defs -std=c99 -fms-extensions   conftest.c  >&5
configure:4358: $? = 0
configure:4358: ./conftest
configure:4358: $? = 0
configure:4369: result: yes
configure:4382: checking for sys/types.h
configure:4382: x86_64-linux-gnu-gcc -c -Wall -g -O2 -Wl,-z,defs -std=c99 -fms-extensions  conftest.c >&5
configure:4382: $? = 0
configure:4382: result: yes
configure:4382: checking for sys/stat.h
configure:4382: x86_64-linux-gnu-gcc -c -Wall -g -O2 -Wl,-z,defs -std=c99 -fms-extensions  conftest.c >&5
configure:4382: $? = 0
configure:4382: result: yes
configure:4382: checking for stdlib.h
configure:4382: x86_64-linux-gnu-gcc -c -Wall -g -O2 -Wl,-z,defs -std=c99 -fms-extensions  conftest.c >&5
configure:4382: $? = 0
configure:4382: result: yes
configure:4382: checking for string.h
configure:4382: x86_64-linux-gnu-gcc -c -Wall -g -O2 -Wl,-z,defs -std=c99 -fms-extensions  conftest.c >&5
configure:4382: $? = 0
configure:4382: result: yes
configure:4382: checking for memory.h
configure:4382: x86_64-linux-gnu-gcc -c -Wall -g -O2 -Wl,-z,defs -std=c99 -fms-extensions  conftest.c >&5
configure:4382: $? = 0
configure:4382: result: yes
configure:4382: checking for strings.h
configure:4382: x86_64-linux-gnu-gcc -c -Wall -g -O2 -Wl,-z,defs -std=c99 -fms-extensions  conftest.c >&5
configure:4382: $? = 0
configure:4382: result: yes
configure:4382: checking for inttypes.h
configure:4382: x86_64-linux-gnu-gcc -c -Wall -g -O2 -Wl,-z,defs -std=c99 -fms-extensions  conftest.c >&5
configure:4382: $? = 0
configure:4382: result: yes
configure:4382: checking for stdint.h
configure:4382: x86_64-linux-gnu-gcc -c -Wall -g -O2 -Wl,-z,defs -std=c99 -fms-extensions  conftest.c >&5
configure:4382: $? = 0
configure:4382: result: yes
configure:4382: checking for unistd.h
configure:4382: x86_64-linux-gnu-gcc -c -Wall -g -O2 -Wl,-z,defs -std=c99 -fms-extensions  conftest.c >&5
configure:4382: $? = 0
configure:4382: result: yes
configure:4396: checking maxminddb.h usability
configure:4396: x86_64-linux-gnu-gcc -c -Wall -g -O2 -Wl,-z,defs -std=c99 -fms-extensions  conftest.c >&5
configure:4396: $? = 0
configure:4396: result: yes
configure:4396: checking maxminddb.h presence
configure:4396: x86_64-linux-gnu-gcc -E  conftest.c
configure:4396: $? = 0
configure:4396: result: yes
configure:4396: checking for maxminddb.h
configure:4396: result: yes
configure:4406: checking for MMDB_lib_version in -lmaxminddb
configure:4431: x86_64-linux-gnu-gcc -o conftest -Wall -g -O2 -Wl,-z,defs -std=c99 -fms-extensions   conftest.c -lmaxminddb   >&5
configure:4431: $? = 0
configure:4440: result: yes
configure:4601: checking that generated files are newer than configure
configure:4607: result: done
configure:4630: creating ./config.status

## ---------------------- ##
## Running config.status. ##
## ---------------------- ##

This file was extended by mod_maxminddb config.status 1.0.1, which was
generated by GNU Autoconf 2.69.  Invocation command line was

  CONFIG_FILES    = 
  CONFIG_HEADERS  = 
  CONFIG_LINKS    = 
  CONFIG_COMMANDS = 
  $ ./config.status 

on msail

config.status:780: creating Makefile
config.status:780: creating src/Makefile
config.status:952: executing depfiles commands

## ---------------- ##
## Cache variables. ##
## ---------------- ##

ac_cv_c_compiler_gnu=yes
ac_cv_env_CC_set=
ac_cv_env_CC_value=
ac_cv_env_CFLAGS_set=set
ac_cv_env_CFLAGS_value='-Wall -g -O2 -Wl,-z,defs'
ac_cv_env_CPPFLAGS_set=
ac_cv_env_CPPFLAGS_value=
ac_cv_env_CPP_set=
ac_cv_env_CPP_value=
ac_cv_env_LDFLAGS_set=
ac_cv_env_LDFLAGS_value=
ac_cv_env_LIBS_set=
ac_cv_env_LIBS_value=
ac_cv_env_build_alias_set=set
ac_cv_env_build_alias_value=x86_64-linux-gnu
ac_cv_env_host_alias_set=set
ac_cv_env_host_alias_value=x86_64-linux-gnu
ac_cv_env_target_alias_set=
ac_cv_env_target_alias_value=
ac_cv_header_inttypes_h=yes
ac_cv_header_maxminddb_h=yes
ac_cv_header_memory_h=yes
ac_cv_header_stdc=yes
ac_cv_header_stdint_h=yes
ac_cv_header_stdlib_h=yes
ac_cv_header_string_h=yes
ac_cv_header_strings_h=yes
ac_cv_header_sys_stat_h=yes
ac_cv_header_sys_types_h=yes
ac_cv_header_unistd_h=yes
ac_cv_lib_maxminddb_MMDB_lib_version=yes
ac_cv_objext=o
ac_cv_path_APXS=/usr/bin/apxs2
ac_cv_path_EGREP='/bin/grep -E'
ac_cv_path_GREP=/bin/grep
ac_cv_path_install='/usr/bin/install -c'
ac_cv_path_mkdir=/bin/mkdir
ac_cv_prog_AWK=gawk
ac_cv_prog_CC=x86_64-linux-gnu-gcc
ac_cv_prog_CPP='x86_64-linux-gnu-gcc -E'
ac_cv_prog_cc_c89=
ac_cv_prog_cc_c99=
ac_cv_prog_cc_g=yes
ac_cv_prog_make_make_set=yes
am_cv_CC_dependencies_compiler_type=none
am_cv_make_support_nested_variables=yes
am_cv_prog_cc_c_o=yes

## ----------------- ##
## Output variables. ##
## ----------------- ##

ACLOCAL='${SHELL} /home/mmoll/mystuff/gitrepos/mmoll/mod_maxminddb/missing aclocal-1.14'
AMDEPBACKSLASH='\'
AMDEP_FALSE='#'
AMDEP_TRUE=''
AMTAR='$${TAR-tar}'
AM_BACKSLASH='\'
AM_DEFAULT_V='$(AM_DEFAULT_VERBOSITY)'
AM_DEFAULT_VERBOSITY='1'
AM_V='$(V)'
APXS='/usr/bin/apxs2'
AUTOCONF='${SHELL} /home/mmoll/mystuff/gitrepos/mmoll/mod_maxminddb/missing autoconf'
AUTOHEADER='${SHELL} /home/mmoll/mystuff/gitrepos/mmoll/mod_maxminddb/missing autoheader'
AUTOMAKE='${SHELL} /home/mmoll/mystuff/gitrepos/mmoll/mod_maxminddb/missing automake-1.14'
AWK='gawk'
CC='x86_64-linux-gnu-gcc'
CCDEPMODE='depmode=none'
CFLAGS='-Wall -g -O2 -Wl,-z,defs -std=c99 -fms-extensions'
CPP='x86_64-linux-gnu-gcc -E'
CPPFLAGS=''
CYGPATH_W='echo'
DEFS='-DPACKAGE_NAME=\"mod_maxminddb\" -DPACKAGE_TARNAME=\"mod_maxminddb\" -DPACKAGE_VERSION=\"1.0.1\" -DPACKAGE_STRING=\"mod_maxminddb\ 1.0.1\" -DPACKAGE_BUGREPORT=\"support@maxmind.com\" -DPACKAGE_URL=\"\" -DPACKAGE=\"mod_maxminddb\" -DVERSION=\"1.0.1\" -DSTDC_HEADERS=1 -DHAVE_SYS_TYPES_H=1 -DHAVE_SYS_STAT_H=1 -DHAVE_STDLIB_H=1 -DHAVE_STRING_H=1 -DHAVE_MEMORY_H=1 -DHAVE_STRINGS_H=1 -DHAVE_INTTYPES_H=1 -DHAVE_STDINT_H=1 -DHAVE_UNISTD_H=1 -DHAVE_MAXMINDDB_H=1 -DHAVE_LIBMAXMINDDB=1'
DEPDIR='.deps'
ECHO_C=''
ECHO_N='-n'
ECHO_T=''
EGREP='/bin/grep -E'
EXEEXT=''
GREP='/bin/grep'
INSTALL_DATA='${INSTALL} -m 644'
INSTALL_PROGRAM='${INSTALL}'
INSTALL_SCRIPT='${INSTALL}'
INSTALL_STRIP_PROGRAM='$(install_sh) -c -s'
LDFLAGS=''
LIBMAXMINDDB_LDFLAGS='-lmaxminddb'
LIBOBJS=''
LIBS=''
LTLIBOBJS=''
MAKEINFO='${SHELL} /home/mmoll/mystuff/gitrepos/mmoll/mod_maxminddb/missing makeinfo'
MKDIR_P='/bin/mkdir -p'
OBJEXT='o'
PACKAGE='mod_maxminddb'
PACKAGE_BUGREPORT='support@maxmind.com'
PACKAGE_NAME='mod_maxminddb'
PACKAGE_STRING='mod_maxminddb 1.0.1'
PACKAGE_TARNAME='mod_maxminddb'
PACKAGE_URL=''
PACKAGE_VERSION='1.0.1'
PATH_SEPARATOR=':'
SET_MAKE=''
SHELL='/bin/bash'
STRIP=''
VERSION='1.0.1'
ac_ct_CC=''
am__EXEEXT_FALSE=''
am__EXEEXT_TRUE='#'
am__fastdepCC_FALSE=''
am__fastdepCC_TRUE='#'
am__include='include'
am__isrc=''
am__leading_dot='.'
am__nodep='_no'
am__quote=''
am__tar='$${TAR-tar} chof - "$$tardir"'
am__untar='$${TAR-tar} xf -'
bindir='${exec_prefix}/bin'
build_alias='x86_64-linux-gnu'
datadir='${datarootdir}'
datarootdir='${prefix}/share'
docdir='${datarootdir}/doc/${PACKAGE_TARNAME}'
dvidir='${docdir}'
exec_prefix='${prefix}'
host_alias='x86_64-linux-gnu'
htmldir='${docdir}'
includedir='${prefix}/include'
infodir='${prefix}/share/info'
install_sh='${SHELL} /home/mmoll/mystuff/gitrepos/mmoll/mod_maxminddb/install-sh'
libdir='${exec_prefix}/lib'
libexecdir='${exec_prefix}/libexec'
localedir='${datarootdir}/locale'
localstatedir='${prefix}/var'
mandir='${prefix}/share/man'
mkdir_p='$(MKDIR_P)'
oldincludedir='/usr/include'
pdfdir='${docdir}'
prefix='/usr'
program_transform_name='s,x,x,'
psdir='${docdir}'
sbindir='${exec_prefix}/sbin'
sharedstatedir='${prefix}/com'
sysconfdir='${prefix}/etc'
target_alias=''

## ----------- ##
## confdefs.h. ##
## ----------- ##

/* confdefs.h */
#define PACKAGE_NAME "mod_maxminddb"
#define PACKAGE_TARNAME "mod_maxminddb"
#define PACKAGE_VERSION "1.0.1"
#define PACKAGE_STRING "mod_maxminddb 1.0.1"
#define PACKAGE_BUGREPORT "support@maxmind.com"
#define PACKAGE_URL ""
#define PACKAGE "mod_maxminddb"
#define VERSION "1.0.1"
#define STDC_HEADERS 1
#define HAVE_SYS_TYPES_H 1
#define HAVE_SYS_STAT_H 1
#define HAVE_STDLIB_H 1
#define HAVE_STRING_H 1
#define HAVE_MEMORY_H 1
#define HAVE_STRINGS_H 1
#define HAVE_INTTYPES_H 1
#define HAVE_STDINT_H 1
#define HAVE_UNISTD_H 1
#define HAVE_MAXMINDDB_H 1
#define HAVE_LIBMAXMINDDB 1

configure: exit 0
